<?xml version="1.0" encoding="UTF-8"?>
<!-- Generated by org.testng.reporters.JUnitXMLReporter -->
<testsuite ignored="0" hostname="LAPTOP-AFHHBF14" failures="0" tests="4" name="Test" time="0.105" errors="0" timestamp="2022-11-01T18:39:52 IST">
  <testcase classname="TestNG.Test2" name="testCase3" time="0.012"/>
  <testcase classname="TestNG.Test2" name="testCase4" time="0.004"/>
  <testcase classname="TestNG.Test1" name="testCase1" time="0.003"/>
  <testcase classname="TestNG.Test1" name="testCase2" time="0.002"/>
</testsuite> <!-- Test -->
