<?xml version="1.0" encoding="UTF-8"?>
<!-- Generated by org.testng.reporters.JUnitXMLReporter -->
<testsuite ignored="0" hostname="LAPTOP-AFHHBF14" failures="0" tests="4" name="suite1" time="0.046" errors="0" timestamp="2022-10-21T17:50:40 IST">
  <testcase classname="TestNG.Test2" name="testCase3" time="0.005"/>
  <testcase classname="TestNG.Test2" name="testCase4" time="0.002"/>
  <testcase classname="TestNG.Test1" name="testCase1" time="0.0"/>
  <testcase classname="TestNG.Test1" name="testCase2" time="0.002"/>
</testsuite> <!-- suite1 -->
