<?xml version="1.0" encoding="UTF-8"?>
<!-- Generated by org.testng.reporters.JUnitXMLReporter -->
<testsuite ignored="0" hostname="LAPTOP-AFHHBF14" failures="0" tests="7" name="Test" time="0.108" errors="0" timestamp="2023-01-21T18:10:23 IST">
  <testcase classname="TestNG.Test6" name="clickabilityOfButton" time="0.012"/>
  <testcase classname="TestNG.Test6" name="enterCred" time="0.003"/>
  <testcase classname="TestNG.Test6" name="loginFlow" time="0.002"/>
  <testcase classname="TestNG.Test6" name="verifyTitle" time="0.001"/>
  <testcase classname="TestNG.Test7" name="handleAlert" time="0.004"/>
  <testcase classname="TestNG.Test7" name="testCase3" time="0.009"/>
  <testcase classname="TestNG.Test7" name="testCase4" time="0.01"/>
</testsuite> <!-- Test -->
