<?xml version="1.0" encoding="UTF-8"?>
<!-- Generated by org.testng.reporters.JUnitXMLReporter -->
<testsuite ignored="4" hostname="LAPTOP-AFHHBF14" failures="0" tests="3" name="Test1" time="0.053" errors="0" timestamp="2023-01-21T18:10:34 IST">
  <testcase classname="TestNG.Test5" name="enterCred" time="0.008"/>
  <testcase classname="TestNG.Test5" name="verifyTitle" time="0.002"/>
  <testcase classname="TestNG.Test4" name="handleAlert" time="0.002"/>
  <testcase classname="TestNG.Test5" name="loginFlow" time="0.0">
    <ignored/>
  </testcase> <!-- loginFlow -->
  <testcase classname="TestNG.Test4" name="testCase4" time="0.0">
    <ignored/>
  </testcase> <!-- testCase4 -->
  <testcase classname="TestNG.Test4" name="testCase3" time="0.0">
    <ignored/>
  </testcase> <!-- testCase3 -->
  <testcase classname="TestNG.Test5" name="clickabilityOfButton" time="0.0">
    <ignored/>
  </testcase> <!-- clickabilityOfButton -->
</testsuite> <!-- Test1 -->
